[26-03-2020 12:53:06] PayPal\Core\PayPalHttpConnection : INFO: POST https://api.sandbox.paypal.com/v1/oauth2/token
[26-03-2020 12:53:07] PayPal\Core\PayPalHttpConnection : INFO: Response Status 	: 200
[26-03-2020 12:53:07] PayPal\Core\PayPalHttpConnection : INFO: POST https://api.sandbox.paypal.com/v1/payments/payment
[26-03-2020 12:53:08] PayPal\Core\PayPalHttpConnection : INFO: Response Status 	: 201
[26-03-2020 12:56:02] PayPal\Core\PayPalHttpConnection : INFO: POST https://api.sandbox.paypal.com/v1/payments/payment
[26-03-2020 12:56:03] PayPal\Core\PayPalHttpConnection : INFO: Response Status 	: 201
[26-03-2020 01:06:35] PayPal\Core\PayPalHttpConnection : INFO: POST https://api.sandbox.paypal.com/v1/payments/payment
[26-03-2020 01:06:36] PayPal\Core\PayPalHttpConnection : INFO: Response Status 	: 201
[26-03-2020 01:07:59] PayPal\Core\PayPalHttpConnection : INFO: POST https://api.sandbox.paypal.com/v1/payments/payment
[26-03-2020 01:08:00] PayPal\Core\PayPalHttpConnection : INFO: Response Status 	: 201
[26-03-2020 01:09:02] PayPal\Core\PayPalHttpConnection : INFO: POST https://api.sandbox.paypal.com/v1/payments/payment
[26-03-2020 01:09:02] PayPal\Core\PayPalHttpConnection : INFO: Response Status 	: 400
[26-03-2020 01:09:02] PayPal\Core\PayPalHttpConnection : ERROR: Got Http response code 400 when accessing https://api.sandbox.paypal.com/v1/payments/payment. {"name":"VALIDATION_ERROR","message":"Invalid request - see details","debug_id":"5e119a92607d6","information_link":"https://developer.paypal.com/docs/api/payments/#errors","details":[{"field":"transactions.amount.details","location":"body","issue":"Cannot construct instance of `com.paypal.platform.payments.model.rest.common.AmountDetails`, problem: INVALID_CURRENCY_AMOUNT_FORMAT"}]}
[26-03-2020 01:09:07] PayPal\Core\PayPalHttpConnection : INFO: POST https://api.sandbox.paypal.com/v1/payments/payment
[26-03-2020 01:09:08] PayPal\Core\PayPalHttpConnection : INFO: Response Status 	: 400
[26-03-2020 01:09:08] PayPal\Core\PayPalHttpConnection : ERROR: Got Http response code 400 when accessing https://api.sandbox.paypal.com/v1/payments/payment. {"name":"VALIDATION_ERROR","message":"Invalid request - see details","debug_id":"94f66c6104189","information_link":"https://developer.paypal.com/docs/api/payments/#errors","details":[{"field":"transactions.amount.details","location":"body","issue":"Cannot construct instance of `com.paypal.platform.payments.model.rest.common.AmountDetails`, problem: INVALID_CURRENCY_AMOUNT_FORMAT"}]}
[26-03-2020 01:09:17] PayPal\Core\PayPalHttpConnection : INFO: POST https://api.sandbox.paypal.com/v1/payments/payment
[26-03-2020 01:09:17] PayPal\Core\PayPalHttpConnection : INFO: Response Status 	: 400
[26-03-2020 01:09:17] PayPal\Core\PayPalHttpConnection : ERROR: Got Http response code 400 when accessing https://api.sandbox.paypal.com/v1/payments/payment. {"name":"VALIDATION_ERROR","message":"Invalid request - see details","debug_id":"9975798c72cec","information_link":"https://developer.paypal.com/docs/api/payments/#errors","details":[{"field":"transactions.amount.details","location":"body","issue":"Cannot construct instance of `com.paypal.platform.payments.model.rest.common.AmountDetails`, problem: INVALID_CURRENCY_AMOUNT_FORMAT"}]}
[26-03-2020 01:09:35] PayPal\Core\PayPalHttpConnection : INFO: POST https://api.sandbox.paypal.com/v1/payments/payment
[26-03-2020 01:09:36] PayPal\Core\PayPalHttpConnection : INFO: Response Status 	: 201
[26-03-2020 01:26:17] PayPal\Core\PayPalHttpConnection : INFO: POST https://api.sandbox.paypal.com/v1/payments/payment
[26-03-2020 01:26:18] PayPal\Core\PayPalHttpConnection : INFO: Response Status 	: 201
[26-03-2020 01:39:12] PayPal\Core\PayPalHttpConnection : INFO: POST https://api.sandbox.paypal.com/v1/oauth2/token
[26-03-2020 01:39:12] PayPal\Core\PayPalHttpConnection : INFO: Response Status 	: 200
[26-03-2020 01:39:12] PayPal\Core\PayPalHttpConnection : INFO: POST https://api.sandbox.paypal.com/v1/payments/payment
[26-03-2020 01:39:13] PayPal\Core\PayPalHttpConnection : INFO: Response Status 	: 201
[26-03-2020 01:42:16] PayPal\Core\PayPalHttpConnection : INFO: POST https://api.sandbox.paypal.com/v1/payments/payment
[26-03-2020 01:42:17] PayPal\Core\PayPalHttpConnection : INFO: Response Status 	: 201
[26-03-2020 01:44:44] PayPal\Core\PayPalHttpConnection : INFO: POST https://api.sandbox.paypal.com/v1/payments/payment
[26-03-2020 01:44:44] PayPal\Core\PayPalHttpConnection : INFO: Response Status 	: 400
[26-03-2020 01:44:44] PayPal\Core\PayPalHttpConnection : ERROR: Got Http response code 400 when accessing https://api.sandbox.paypal.com/v1/payments/payment. {"name":"VALIDATION_ERROR","message":"Invalid request - see details","debug_id":"b63c42410f06a","information_link":"https://developer.paypal.com/docs/api/payments/#errors","details":[{"field":"transactions","location":"body","issue":"Item currency codes should be same as the transaction currency code in all buckets"}]}
[26-03-2020 01:44:57] PayPal\Core\PayPalHttpConnection : INFO: POST https://api.sandbox.paypal.com/v1/payments/payment
[26-03-2020 01:44:57] PayPal\Core\PayPalHttpConnection : INFO: Response Status 	: 400
[26-03-2020 01:44:57] PayPal\Core\PayPalHttpConnection : ERROR: Got Http response code 400 when accessing https://api.sandbox.paypal.com/v1/payments/payment. {"name":"VALIDATION_ERROR","message":"Invalid request - see details","debug_id":"b65b6b9139cc6","information_link":"https://developer.paypal.com/docs/api/payments/#errors","details":[{"field":"transactions","location":"body","issue":"Item currency codes should be same as the transaction currency code in all buckets"}]}
[26-03-2020 01:45:31] PayPal\Core\PayPalHttpConnection : INFO: POST https://api.sandbox.paypal.com/v1/payments/payment
[26-03-2020 01:45:32] PayPal\Core\PayPalHttpConnection : INFO: Response Status 	: 201
[26-03-2020 02:00:46] PayPal\Core\PayPalHttpConnection : INFO: POST https://api.sandbox.paypal.com/v1/payments/payment
[26-03-2020 02:00:47] PayPal\Core\PayPalHttpConnection : INFO: Response Status 	: 201
[26-03-2020 02:02:03] PayPal\Core\PayPalHttpConnection : INFO: POST https://api.sandbox.paypal.com/v1/payments/payment
[26-03-2020 02:02:05] PayPal\Core\PayPalHttpConnection : INFO: Response Status 	: 201
[26-03-2020 03:34:09] PayPal\Core\PayPalHttpConnection : INFO: POST https://api.sandbox.paypal.com/v1/payments/payment
[26-03-2020 03:34:10] PayPal\Core\PayPalHttpConnection : INFO: Response Status 	: 201
[26-03-2020 03:34:48] PayPal\Core\PayPalHttpConnection : INFO: POST https://api.sandbox.paypal.com/v1/payments/payment
[26-03-2020 03:34:50] PayPal\Core\PayPalHttpConnection : INFO: Response Status 	: 201
[26-03-2020 03:42:10] PayPal\Core\PayPalHttpConnection : INFO: POST https://api.sandbox.paypal.com/v1/payments/payment
[26-03-2020 03:42:11] PayPal\Core\PayPalHttpConnection : INFO: Response Status 	: 201
[26-03-2020 03:50:33] PayPal\Core\PayPalHttpConnection : INFO: POST https://api.sandbox.paypal.com/v1/payments/payment
[26-03-2020 03:50:34] PayPal\Core\PayPalHttpConnection : INFO: Response Status 	: 201
[26-03-2020 04:00:05] PayPal\Core\PayPalHttpConnection : INFO: POST https://api.sandbox.paypal.com/v1/payments/payment
[26-03-2020 04:00:07] PayPal\Core\PayPalHttpConnection : INFO: Response Status 	: 201
[26-03-2020 04:04:49] PayPal\Core\PayPalHttpConnection : INFO: POST https://api.sandbox.paypal.com/v1/payments/payment
[26-03-2020 04:04:51] PayPal\Core\PayPalHttpConnection : INFO: Response Status 	: 201
[26-03-2020 04:07:01] PayPal\Core\PayPalHttpConnection : INFO: POST https://api.sandbox.paypal.com/v1/payments/payment
[26-03-2020 04:07:03] PayPal\Core\PayPalHttpConnection : INFO: Response Status 	: 201
[26-03-2020 04:10:56] PayPal\Core\PayPalHttpConnection : INFO: POST https://api.sandbox.paypal.com/v1/payments/payment
[26-03-2020 04:10:57] PayPal\Core\PayPalHttpConnection : INFO: Response Status 	: 201
[26-03-2020 04:13:37] PayPal\Core\PayPalHttpConnection : INFO: POST https://api.sandbox.paypal.com/v1/payments/payment
[26-03-2020 04:13:38] PayPal\Core\PayPalHttpConnection : INFO: Response Status 	: 201
[27-03-2020 02:04:14] PayPal\Core\PayPalHttpConnection : INFO: POST https://api.sandbox.paypal.com/v1/oauth2/token
[27-03-2020 02:04:15] PayPal\Core\PayPalHttpConnection : INFO: Response Status 	: 200
[27-03-2020 02:04:15] PayPal\Core\PayPalHttpConnection : INFO: POST https://api.sandbox.paypal.com/v1/payments/payment
[27-03-2020 02:04:16] PayPal\Core\PayPalHttpConnection : INFO: Response Status 	: 201
[27-03-2020 02:26:22] PayPal\Core\PayPalHttpConnection : INFO: POST https://api.sandbox.paypal.com/v1/oauth2/token
[27-03-2020 02:26:22] PayPal\Core\PayPalHttpConnection : INFO: Response Status 	: 200
[27-03-2020 02:26:22] PayPal\Core\PayPalHttpConnection : INFO: POST https://api.sandbox.paypal.com/v1/payments/payment
[27-03-2020 02:26:24] PayPal\Core\PayPalHttpConnection : INFO: Response Status 	: 201
[27-03-2020 02:40:13] PayPal\Core\PayPalHttpConnection : INFO: POST https://api.sandbox.paypal.com/v1/payments/payment
[27-03-2020 02:40:13] PayPal\Core\PayPalHttpConnection : INFO: Response Status 	: 400
[27-03-2020 02:40:13] PayPal\Core\PayPalHttpConnection : ERROR: Got Http response code 400 when accessing https://api.sandbox.paypal.com/v1/payments/payment. {"name":"VALIDATION_ERROR","message":"Invalid request - see details","debug_id":"a9fc2cf23b17d","information_link":"https://developer.paypal.com/docs/api/payments/#errors","details":[{"field":"transactions.amount.details","location":"body","issue":"Cannot construct instance of `com.paypal.platform.payments.model.rest.common.AmountDetails`, problem: INVALID_CURRENCY_AMOUNT_FORMAT"}]}
[27-03-2020 02:42:56] PayPal\Core\PayPalHttpConnection : INFO: POST https://api.sandbox.paypal.com/v1/payments/payment
[27-03-2020 02:42:57] PayPal\Core\PayPalHttpConnection : INFO: Response Status 	: 400
[27-03-2020 02:42:57] PayPal\Core\PayPalHttpConnection : ERROR: Got Http response code 400 when accessing https://api.sandbox.paypal.com/v1/payments/payment. {"name":"VALIDATION_ERROR","message":"Invalid request - see details","debug_id":"1bd94a0f89432","information_link":"https://developer.paypal.com/docs/api/payments/#errors","details":[{"field":"transactions.amount.details","location":"body","issue":"Cannot construct instance of `com.paypal.platform.payments.model.rest.common.AmountDetails`, problem: INVALID_CURRENCY_AMOUNT_FORMAT"}]}
[27-03-2020 02:46:11] PayPal\Core\PayPalHttpConnection : INFO: POST https://api.sandbox.paypal.com/v1/payments/payment
[27-03-2020 02:46:11] PayPal\Core\PayPalHttpConnection : INFO: Response Status 	: 400
[27-03-2020 02:46:11] PayPal\Core\PayPalHttpConnection : ERROR: Got Http response code 400 when accessing https://api.sandbox.paypal.com/v1/payments/payment. Unrecognized field &quot;currency&quot; (class com.paypal.platform.payments.model.rest.common.ItemList), not marked as ignorable
[27-03-2020 02:46:35] PayPal\Core\PayPalHttpConnection : INFO: POST https://api.sandbox.paypal.com/v1/payments/payment
[27-03-2020 02:46:36] PayPal\Core\PayPalHttpConnection : INFO: Response Status 	: 400
[27-03-2020 02:46:36] PayPal\Core\PayPalHttpConnection : ERROR: Got Http response code 400 when accessing https://api.sandbox.paypal.com/v1/payments/payment. Unrecognized field &quot;currency&quot; (class com.paypal.platform.payments.model.rest.common.ItemList), not marked as ignorable
[27-03-2020 05:21:34] PayPal\Core\PayPalHttpConnection : INFO: POST https://api.sandbox.paypal.com/v1/payments/payment
[27-03-2020 05:21:34] PayPal\Core\PayPalHttpConnection : INFO: Response Status 	: 400
[27-03-2020 05:21:34] PayPal\Core\PayPalHttpConnection : ERROR: Got Http response code 400 when accessing https://api.sandbox.paypal.com/v1/payments/payment. Unrecognized field &quot;currency&quot; (class com.paypal.platform.payments.model.rest.common.ItemList), not marked as ignorable
[27-03-2020 05:22:20] PayPal\Core\PayPalHttpConnection : INFO: POST https://api.sandbox.paypal.com/v1/payments/payment
[27-03-2020 05:22:20] PayPal\Core\PayPalHttpConnection : INFO: Response Status 	: 400
[27-03-2020 05:22:20] PayPal\Core\PayPalHttpConnection : ERROR: Got Http response code 400 when accessing https://api.sandbox.paypal.com/v1/payments/payment. Unrecognized field &quot;currency&quot; (class com.paypal.platform.payments.model.rest.common.ItemList), not marked as ignorable
[27-03-2020 05:22:52] PayPal\Core\PayPalHttpConnection : INFO: POST https://api.sandbox.paypal.com/v1/payments/payment
[27-03-2020 05:22:53] PayPal\Core\PayPalHttpConnection : INFO: Response Status 	: 400
[27-03-2020 05:22:53] PayPal\Core\PayPalHttpConnection : ERROR: Got Http response code 400 when accessing https://api.sandbox.paypal.com/v1/payments/payment. Unrecognized field &quot;currency&quot; (class com.paypal.platform.payments.model.rest.common.ItemList), not marked as ignorable
[27-03-2020 05:23:45] PayPal\Core\PayPalHttpConnection : INFO: POST https://api.sandbox.paypal.com/v1/payments/payment
[27-03-2020 05:23:46] PayPal\Core\PayPalHttpConnection : INFO: Response Status 	: 201
[27-03-2020 05:24:19] PayPal\Core\PayPalHttpConnection : INFO: POST https://api.sandbox.paypal.com/v1/payments/payment
[27-03-2020 05:24:20] PayPal\Core\PayPalHttpConnection : INFO: Response Status 	: 201
[27-03-2020 05:24:59] PayPal\Core\PayPalHttpConnection : INFO: POST https://api.sandbox.paypal.com/v1/payments/payment
[27-03-2020 05:25:00] PayPal\Core\PayPalHttpConnection : INFO: Response Status 	: 201
[27-03-2020 05:27:04] PayPal\Core\PayPalHttpConnection : INFO: POST https://api.sandbox.paypal.com/v1/payments/payment
[27-03-2020 05:27:05] PayPal\Core\PayPalHttpConnection : INFO: Response Status 	: 400
[27-03-2020 05:27:05] PayPal\Core\PayPalHttpConnection : ERROR: Got Http response code 400 when accessing https://api.sandbox.paypal.com/v1/payments/payment. {"name":"VALIDATION_ERROR","message":"Invalid request - see details","debug_id":"616bf5e2de11d","information_link":"https://developer.paypal.com/docs/api/payments/#errors","details":[{"field":"transactions","location":"body","issue":"Item currency codes should be same as the transaction currency code in all buckets"}]}
[27-03-2020 05:27:10] PayPal\Core\PayPalHttpConnection : INFO: POST https://api.sandbox.paypal.com/v1/payments/payment
[27-03-2020 05:27:11] PayPal\Core\PayPalHttpConnection : INFO: Response Status 	: 400
[27-03-2020 05:27:11] PayPal\Core\PayPalHttpConnection : ERROR: Got Http response code 400 when accessing https://api.sandbox.paypal.com/v1/payments/payment. {"name":"VALIDATION_ERROR","message":"Invalid request - see details","debug_id":"404fda1790339","information_link":"https://developer.paypal.com/docs/api/payments/#errors","details":[{"field":"transactions","location":"body","issue":"Item currency codes should be same as the transaction currency code in all buckets"}]}
[27-03-2020 05:31:12] PayPal\Core\PayPalHttpConnection : INFO: POST https://api.sandbox.paypal.com/v1/payments/payment
[27-03-2020 05:31:12] PayPal\Core\PayPalHttpConnection : INFO: Response Status 	: 400
[27-03-2020 05:31:12] PayPal\Core\PayPalHttpConnection : ERROR: Got Http response code 400 when accessing https://api.sandbox.paypal.com/v1/payments/payment. {"name":"VALIDATION_ERROR","message":"Invalid request - see details","debug_id":"a8c0e7b329108","information_link":"https://developer.paypal.com/docs/api/payments/#errors","details":[{"field":"transactions","location":"body","issue":"Item currency codes should be same as the transaction currency code in all buckets"}]}
[27-03-2020 05:48:25] PayPal\Core\PayPalHttpConnection : INFO: POST https://api.sandbox.paypal.com/v1/payments/payment
[27-03-2020 05:48:26] PayPal\Core\PayPalHttpConnection : INFO: Response Status 	: 400
[27-03-2020 05:48:26] PayPal\Core\PayPalHttpConnection : ERROR: Got Http response code 400 when accessing https://api.sandbox.paypal.com/v1/payments/payment. {"name":"VALIDATION_ERROR","message":"Invalid request - see details","debug_id":"fc7faf39c75a4","information_link":"https://developer.paypal.com/docs/api/payments/#errors","details":[{"field":"transactions","location":"body","issue":"Item currency codes should be same as the transaction currency code in all buckets"}]}
[27-03-2020 05:49:46] PayPal\Core\PayPalHttpConnection : INFO: POST https://api.sandbox.paypal.com/v1/payments/payment
[27-03-2020 05:49:47] PayPal\Core\PayPalHttpConnection : INFO: Response Status 	: 400
[27-03-2020 05:49:47] PayPal\Core\PayPalHttpConnection : ERROR: Got Http response code 400 when accessing https://api.sandbox.paypal.com/v1/payments/payment. {"name":"VALIDATION_ERROR","message":"Invalid request - see details","debug_id":"a8803d4c096c2","information_link":"https://developer.paypal.com/docs/api/payments/#errors","details":[{"field":"transactions","location":"body","issue":"Item currency codes should be same as the transaction currency code in all buckets"}]}
[27-03-2020 05:50:38] PayPal\Core\PayPalHttpConnection : INFO: POST https://api.sandbox.paypal.com/v1/payments/payment
[27-03-2020 05:50:38] PayPal\Core\PayPalHttpConnection : INFO: Response Status 	: 400
[27-03-2020 05:50:38] PayPal\Core\PayPalHttpConnection : ERROR: Got Http response code 400 when accessing https://api.sandbox.paypal.com/v1/payments/payment. {"name":"VALIDATION_ERROR","message":"Invalid request - see details","debug_id":"e311322645229","information_link":"https://developer.paypal.com/docs/api/payments/#errors","details":[{"field":"transactions","location":"body","issue":"Item currency codes should be same as the transaction currency code in all buckets"}]}
[27-03-2020 05:52:38] PayPal\Core\PayPalHttpConnection : INFO: POST https://api.sandbox.paypal.com/v1/payments/payment
[27-03-2020 05:52:40] PayPal\Core\PayPalHttpConnection : INFO: Response Status 	: 201
[27-03-2020 05:57:53] PayPal\Core\PayPalHttpConnection : INFO: POST https://api.sandbox.paypal.com/v1/payments/payment
[27-03-2020 05:57:54] PayPal\Core\PayPalHttpConnection : INFO: Response Status 	: 201
[27-03-2020 06:10:23] PayPal\Core\PayPalHttpConnection : INFO: POST https://api.sandbox.paypal.com/v1/payments/payment
[27-03-2020 06:10:24] PayPal\Core\PayPalHttpConnection : INFO: Response Status 	: 201
[28-03-2020 04:14:21] PayPal\Core\PayPalHttpConnection : INFO: POST https://api.sandbox.paypal.com/v1/oauth2/token
[28-03-2020 04:14:22] PayPal\Core\PayPalHttpConnection : INFO: Response Status 	: 200
[28-03-2020 04:14:22] PayPal\Core\PayPalHttpConnection : INFO: POST https://api.sandbox.paypal.com/v1/payments/payment
[28-03-2020 04:14:23] PayPal\Core\PayPalHttpConnection : INFO: Response Status 	: 201
[28-03-2020 04:31:44] PayPal\Core\PayPalHttpConnection : INFO: POST https://api.sandbox.paypal.com/v1/oauth2/token
[28-03-2020 04:31:45] PayPal\Core\PayPalHttpConnection : INFO: Response Status 	: 200
[28-03-2020 04:31:45] PayPal\Core\PayPalHttpConnection : INFO: POST https://api.sandbox.paypal.com/v1/payments/payment
[28-03-2020 04:31:46] PayPal\Core\PayPalHttpConnection : INFO: Response Status 	: 201
[28-03-2020 04:35:24] PayPal\Core\PayPalHttpConnection : INFO: POST https://api.sandbox.paypal.com/v1/payments/payment
[28-03-2020 04:35:25] PayPal\Core\PayPalHttpConnection : INFO: Response Status 	: 201
[28-03-2020 04:37:29] PayPal\Core\PayPalHttpConnection : INFO: POST https://api.sandbox.paypal.com/v1/payments/payment
[28-03-2020 04:37:30] PayPal\Core\PayPalHttpConnection : INFO: Response Status 	: 201
[28-03-2020 05:06:22] PayPal\Core\PayPalHttpConnection : INFO: POST https://api.sandbox.paypal.com/v1/payments/payment
[28-03-2020 05:06:24] PayPal\Core\PayPalHttpConnection : INFO: Response Status 	: 201
[28-03-2020 05:19:59] PayPal\Core\PayPalHttpConnection : INFO: POST https://api.sandbox.paypal.com/v1/payments/payment
[28-03-2020 05:20:00] PayPal\Core\PayPalHttpConnection : INFO: Response Status 	: 201
[28-03-2020 05:29:57] PayPal\Core\PayPalHttpConnection : INFO: POST https://api.sandbox.paypal.com/v1/payments/payment
[28-03-2020 05:29:58] PayPal\Core\PayPalHttpConnection : INFO: Response Status 	: 201
[28-03-2020 05:48:03] PayPal\Core\PayPalHttpConnection : INFO: POST https://api.sandbox.paypal.com/v1/oauth2/token
[28-03-2020 05:48:03] PayPal\Core\PayPalHttpConnection : INFO: Response Status 	: 401
[28-03-2020 05:48:03] PayPal\Core\PayPalHttpConnection : ERROR: Got Http response code 401 when accessing https://api.sandbox.paypal.com/v1/oauth2/token. {"error":"invalid_client","error_description":"Client Authentication failed"}
[29-03-2020 01:08:15] PayPal\Core\PayPalHttpConnection : INFO: POST https://api.sandbox.paypal.com/v1/oauth2/token
[29-03-2020 01:08:16] PayPal\Core\PayPalHttpConnection : INFO: Response Status 	: 200
[29-03-2020 01:08:16] PayPal\Core\PayPalHttpConnection : INFO: POST https://api.sandbox.paypal.com/v1/payments/payment
[29-03-2020 01:08:18] PayPal\Core\PayPalHttpConnection : INFO: Response Status 	: 201
[29-03-2020 01:13:06] PayPal\Core\PayPalHttpConnection : INFO: POST https://api.sandbox.paypal.com/v1/oauth2/token
[29-03-2020 01:13:07] PayPal\Core\PayPalHttpConnection : INFO: Response Status 	: 200
[29-03-2020 01:13:07] PayPal\Core\PayPalHttpConnection : INFO: POST https://api.sandbox.paypal.com/v1/payments/payment
[29-03-2020 01:13:10] PayPal\Core\PayPalHttpConnection : INFO: Response Status 	: 201
[29-03-2020 04:30:22] PayPal\Core\PayPalHttpConnection : INFO: POST https://api.sandbox.paypal.com/v1/payments/payment
[29-03-2020 04:30:23] PayPal\Core\PayPalHttpConnection : INFO: Response Status 	: 400
[29-03-2020 04:30:23] PayPal\Core\PayPalHttpConnection : ERROR: Got Http response code 400 when accessing https://api.sandbox.paypal.com/v1/payments/payment. {"name":"VALIDATION_ERROR","details":[{"field":"transactions[0]","issue":"Item amount must add up to specified amount subtotal (or total if amount details not specified)"}],"message":"Invalid request - see details","information_link":"https://developer.paypal.com/docs/api/payments/#errors","debug_id":"22cbe6b1e1b00"}
